TN:
SF:/home/user/dev/personal/image-filters/image-contrast/src/utils.js
FN:6,getCanvas
FN:20,getPixels
FN:30,convertToDataURL
FNF:3
FNH:3
FNDA:1,getCanvas
FNDA:1,getPixels
FNDA:1,convertToDataURL
DA:6,1
DA:7,1
DA:8,1
DA:9,1
DA:11,1
DA:20,1
DA:21,1
DA:22,1
DA:30,1
DA:31,1
DA:32,1
DA:35,1
LF:12
LH:12
BRF:0
BRH:0
end_of_record
TN:
SF:/home/user/dev/personal/image-filters/image-contrast/src/index.js
FN:8,getFactor
FN:18,transform
FN:36,contrastImage
FNF:3
FNH:3
FNDA:2,getFactor
FNDA:2,transform
FNDA:3,contrastImage
DA:1,1
DA:8,1
DA:9,2
DA:18,1
DA:19,2
DA:20,2
DA:21,2
DA:22,2
DA:23,2
DA:26,2
DA:36,1
DA:37,3
DA:38,3
DA:39,3
DA:40,3
DA:42,3
DA:43,1
DA:46,2
DA:47,2
DA:49,2
DA:51,2
DA:52,2
DA:54,2
DA:55,1
DA:58,1
LF:25
LH:25
BRDA:42,1,0,1
BRDA:42,1,1,2
BRDA:42,2,0,3
BRDA:42,2,1,2
BRDA:54,3,0,1
BRDA:54,3,1,1
BRF:6
BRH:6
end_of_record
